# JRE version: Java(TM) SE Runtime Environment (21.0.9+7) (build 21.0.9+7-LTS-338)
# Java VM: Java HotSpot(TM) 64-Bit Server VM (21.0.9+7-LTS-338, mixed mode, sharing, tiered, compressed oops, compressed class ptrs, g1 gc, windows-amd64)
GC Precious Log:
 CardTable entry size: 512
 Card Set container configuration: InlinePtr #cards 4 size 8 Array Of Cards #cards 16 size 48 Howl #buckets 8 coarsen threshold 3686 Howl Bitmap #cards 512 size 80 coarsen threshold 460 Card regions per heap region 1 cards per card region 4096
 CPUs: 8 total, 8 available
 Memory: 10187M
 Large Page Support: Disabled
 NUMA Support: Disabled
 Compressed Oops: Enabled (Zero based)
 Heap Region Size: 2M
 Heap Min Capacity: 8M
 Heap Initial Capacity: 160M
 Heap Max Capacity: 2548M
 Pre-touch: Disabled
 Parallel Workers: 8
 Concurrent Workers: 2
 Concurrent Refinement Workers: 8
 Periodic GC: Disabled
Heap:
 garbage-first heap   total 73728K, used 51735K [0x0000000760c00000, 0x0000000800000000)
  region size 2048K, 14 young (28672K), 1 survivors (2048K)
 Metaspace       used 64773K, committed 65344K, reserved 1114112K
  class space    used 8691K, committed 8960K, reserved 1048576K
GC Heap History (20 events):
Event: 1.117 GC heap before
{Heap before GC invocations=0 (full 0):
 garbage-first heap   total 163840K, used 20480K [0x0000000760c00000, 0x0000000800000000)
  region size 2048K, 11 young (22528K), 0 survivors (0K)
 Metaspace       used 5229K, committed 5376K, reserved 1114112K
  class space    used 591K, committed 640K, reserved 1048576K
}
Event: 1.125 GC heap after
{Heap after GC invocations=1 (full 0):
 garbage-first heap   total 163840K, used 7607K [0x0000000760c00000, 0x0000000800000000)
  region size 2048K, 2 young (4096K), 2 survivors (4096K)
 Metaspace       used 5229K, committed 5376K, reserved 1114112K
  class space    used 591K, committed 640K, reserved 1048576K
}
Event: 1.946 GC heap before
{Heap before GC invocations=1 (full 0):
 garbage-first heap   total 163840K, used 32183K [0x0000000760c00000, 0x0000000800000000)
  region size 2048K, 14 young (28672K), 2 survivors (4096K)
 Metaspace       used 11635K, committed 12032K, reserved 1114112K
  class space    used 1557K, committed 1728K, reserved 1048576K
}
Event: 1.954 GC heap after
{Heap after GC invocations=2 (full 0):
 garbage-first heap   total 163840K, used 9738K [0x0000000760c00000, 0x0000000800000000)
  region size 2048K, 2 young (4096K), 2 survivors (4096K)
 Metaspace       used 11635K, committed 12032K, reserved 1114112K
  class space    used 1557K, committed 1728K, reserved 1048576K
}
Event: 3.420 GC heap before
{Heap before GC invocations=2 (full 0):
 garbage-first heap   total 163840K, used 52746K [0x0000000760c00000, 0x0000000800000000)
  region size 2048K, 25 young (51200K), 2 survivors (4096K)
 Metaspace       used 21197K, committed 21504K, reserved 1114112K
  class space    used 2665K, committed 2816K, reserved 1048576K
}
Event: 3.435 GC heap after
{Heap after GC invocations=3 (full 0):
 garbage-first heap   total 163840K, used 14972K [0x0000000760c00000, 0x0000000800000000)
  region size 2048K, 4 young (8192K), 4 survivors (8192K)
 Metaspace       used 21197K, committed 21504K, reserved 1114112K
  class space    used 2665K, committed 2816K, reserved 1048576K
}
Event: 5.617 GC heap before
{Heap before GC invocations=4 (full 0):
 garbage-first heap   total 61440K, used 60028K [0x0000000760c00000, 0x0000000800000000)
  region size 2048K, 26 young (53248K), 4 survivors (8192K)
 Metaspace       used 26999K, committed 27392K, reserved 1114112K
  class space    used 3395K, committed 3584K, reserved 1048576K
}
Event: 5.643 GC heap after
{Heap after GC invocations=5 (full 0):
 garbage-first heap   total 73728K, used 18299K [0x0000000760c00000, 0x0000000800000000)
  region size 2048K, 5 young (10240K), 5 survivors (10240K)
 Metaspace       used 26999K, committed 27392K, reserved 1114112K
  class space    used 3395K, committed 3584K, reserved 1048576K
}
Event: 7.234 GC heap before
{Heap before GC invocations=5 (full 0):
 garbage-first heap   total 73728K, used 51067K [0x0000000760c00000, 0x0000000800000000)
  region size 2048K, 21 young (43008K), 5 survivors (10240K)
 Metaspace       used 34180K, committed 34688K, reserved 1114112K
  class space    used 4333K, committed 4544K, reserved 1048576K
}
Event: 7.259 GC heap after
{Heap after GC invocations=6 (full 0):
 garbage-first heap   total 73728K, used 22023K [0x0000000760c00000, 0x0000000800000000)
  region size 2048K, 2 young (4096K), 2 survivors (4096K)
 Metaspace       used 34180K, committed 34688K, reserved 1114112K
  class space    used 4333K, committed 4544K, reserved 1048576K
}
Event: 7.484 GC heap before
{Heap before GC invocations=6 (full 0):
 garbage-first heap   total 73728K, used 26119K [0x0000000760c00000, 0x0000000800000000)
  region size 2048K, 5 young (10240K), 2 survivors (4096K)
 Metaspace       used 35534K, committed 35968K, reserved 1114112K
  class space    used 4541K, committed 4736K, reserved 1048576K
}
Event: 7.493 GC heap after
{Heap after GC invocations=7 (full 0):
 garbage-first heap   total 73728K, used 22640K [0x0000000760c00000, 0x0000000800000000)
  region size 2048K, 1 young (2048K), 1 survivors (2048K)
 Metaspace       used 35534K, committed 35968K, reserved 1114112K
  class space    used 4541K, committed 4736K, reserved 1048576K
}
Event: 9.258 GC heap before
{Heap before GC invocations=8 (full 0):
 garbage-first heap   total 73728K, used 55408K [0x0000000760c00000, 0x0000000800000000)
  region size 2048K, 18 young (36864K), 1 survivors (2048K)
 Metaspace       used 45706K, committed 46336K, reserved 1114112K
  class space    used 5968K, committed 6272K, reserved 1048576K
}
Event: 9.266 GC heap after
{Heap after GC invocations=9 (full 0):
 garbage-first heap   total 73728K, used 25240K [0x0000000760c00000, 0x0000000800000000)
  region size 2048K, 2 young (4096K), 2 survivors (4096K)
 Metaspace       used 45706K, committed 46336K, reserved 1114112K
  class space    used 5968K, committed 6272K, reserved 1048576K
}
Event: 10.638 GC heap before
{Heap before GC invocations=9 (full 0):
 garbage-first heap   total 73728K, used 58008K [0x0000000760c00000, 0x0000000800000000)
  region size 2048K, 19 young (38912K), 2 survivors (4096K)
 Metaspace       used 54628K, committed 55232K, reserved 1114112K
  class space    used 7218K, committed 7488K, reserved 1048576K
}
Event: 10.655 GC heap after
{Heap after GC invocations=10 (full 0):
 garbage-first heap   total 73728K, used 27591K [0x0000000760c00000, 0x0000000800000000)
  region size 2048K, 2 young (4096K), 2 survivors (4096K)
 Metaspace       used 54628K, committed 55232K, reserved 1114112K
  class space    used 7218K, committed 7488K, reserved 1048576K
}
Event: 11.578 GC heap before
{Heap before GC invocations=10 (full 0):
 garbage-first heap   total 73728K, used 60359K [0x0000000760c00000, 0x0000000800000000)
  region size 2048K, 18 young (36864K), 2 survivors (4096K)
 Metaspace       used 58779K, committed 59392K, reserved 1114112K
  class space    used 7791K, committed 8064K, reserved 1048576K
}
Event: 11.584 GC heap after
{Heap after GC invocations=11 (full 0):
 garbage-first heap   total 73728K, used 28453K [0x0000000760c00000, 0x0000000800000000)
  region size 2048K, 2 young (4096K), 2 survivors (4096K)
 Metaspace       used 58779K, committed 59392K, reserved 1114112K
  class space    used 7791K, committed 8064K, reserved 1048576K
}
Event: 11.747 GC heap before
{Heap before GC invocations=11 (full 0):
 garbage-first heap   total 73728K, used 32549K [0x0000000760c00000, 0x0000000800000000)
  region size 2048K, 5 young (10240K), 2 survivors (4096K)
 Metaspace       used 59719K, committed 60288K, reserved 1114112K
  class space    used 7935K, committed 8192K, reserved 1048576K
}
Event: 11.755 GC heap after
{Heap after GC invocations=12 (full 0):
 garbage-first heap   total 73728K, used 29207K [0x0000000760c00000, 0x0000000800000000)
  region size 2048K, 1 young (2048K), 1 survivors (2048K)
 Metaspace       used 59719K, committed 60288K, reserved 1114112K
  class space    used 7935K, committed 8192K, reserved 1048576K
}

